#
# There is insufficient memory for the Java Runtime Environment to continue.
# Native memory allocation (mmap) failed to map 65536 bytes. Error detail: Failed to commit metaspace.
# Possible reasons:
#   The system is out of physical RAM or swap space
#   This process is running with CompressedOops enabled, and the Java Heap may be blocking the growth of the native heap
# Possible solutions:
#   Reduce memory load on the system
#   Increase physical memory or swap space
#   Check if swap backing store is full
#   Decrease Java heap size (-Xmx/-Xms)
#   Decrease number of Java threads
#   Decrease Java thread stack sizes (-Xss)
#   Set larger code cache with -XX:ReservedCodeCacheSize=
#   JVM is running with Unscaled Compressed Oops mode in which the Java heap is
#     placed in the first 4GB address space. The Java Heap base address is the
#     maximum limit for the native heap growth. Please use -XX:HeapBaseMinAddress
#     to set the Java Heap base and to place the Java Heap above 4GB virtual address.
# This output file may be truncated or incomplete.
#
#  Out of Memory Error (virtualSpaceNode.cpp:113), pid=11628, tid=8024
#
# JRE version: OpenJDK Runtime Environment (23.0.1+11) (build 23.0.1+11-39)
# Java VM: OpenJDK 64-Bit Server VM (23.0.1+11-39, mixed mode, emulated-client, sharing, tiered, compressed oops, compressed class ptrs, g1 gc, windows-amd64)
# No core dump will be written. Minidumps are not enabled by default on client versions of Windows
#

---------------  S U M M A R Y ------------

Command Line: -XX:TieredStopAtLevel=1 -Dspring.output.ansi.enabled=always -Dcom.sun.management.jmxremote -Dspring.jmx.enabled=true -Dspring.liveBeansView.mbeanDomain -Dspring.application.admin.enabled=true -Dmanagement.endpoints.jmx.exposure.include=* -javaagent:C:\Program Files\JetBrains\IntelliJ IDEA 2024.3.1.1\lib\idea_rt.jar=61410:C:\Program Files\JetBrains\IntelliJ IDEA 2024.3.1.1\bin -Dfile.encoding=UTF-8 -Dsun.stdout.encoding=UTF-8 -Dsun.stderr.encoding=UTF-8 com.training.fleet.FleetApplication

Host: Intel(R) Xeon(R) Platinum 8272CL CPU @ 2.60GHz, 2 cores, 7G,  Windows 10 , 64 bit Build 19041 (10.0.19041.5198)
Time: Tue Jan 21 04:59:09 2025 Coordinated Universal Time elapsed time: 0.640469 seconds (0d 0h 0m 0s)

---------------  T H R E A D  ---------------

Current thread (0x000002d66bc3a8b0):  JavaThread "main"             [_thread_in_vm, id=8024, stack(0x000000e1ca000000,0x000000e1ca100000) (1024K)]

Stack: [0x000000e1ca000000,0x000000e1ca100000]
Native frames: (J=compiled Java code, j=interpreted, Vv=VM code, C=native code)
V  [jvm.dll+0x6e08b9]  (no source info available)
V  [jvm.dll+0x87dc83]  (no source info available)
V  [jvm.dll+0x88010e]  (no source info available)
V  [jvm.dll+0x8807e3]  (no source info available)
V  [jvm.dll+0x27aee6]  (no source info available)
V  [jvm.dll+0x87988e]  (no source info available)
V  [jvm.dll+0x682035]  (no source info available)
V  [jvm.dll+0x68209a]  (no source info available)
V  [jvm.dll+0x6848da]  (no source info available)
V  [jvm.dll+0x2219dc]  (no source info available)
V  [jvm.dll+0x682a4e]  (no source info available)
V  [jvm.dll+0x266380]  (no source info available)
V  [jvm.dll+0x2129b7]  (no source info available)
V  [jvm.dll+0x20811e]  (no source info available)
V  [jvm.dll+0x5be6df]  (no source info available)
V  [jvm.dll+0x219b2b]  (no source info available)
V  [jvm.dll+0x7f3130]  (no source info available)
V  [jvm.dll+0x7f41d6]  (no source info available)
V  [jvm.dll+0x7f47e4]  (no source info available)
V  [jvm.dll+0x7f4468]  (no source info available)
V  [jvm.dll+0x2689cb]  (no source info available)
V  [jvm.dll+0x268bf6]  (no source info available)
V  [jvm.dll+0x5e1da1]  (no source info available)
V  [jvm.dll+0x5e43f4]  (no source info available)
V  [jvm.dll+0x3d573a]  (no source info available)
V  [jvm.dll+0x3d51c0]  (no source info available)
C  0x000002d67655733c  (no source info available)

The last pc belongs to getstatic (printed below).
Java frames: (J=compiled Java code, j=interpreted, Vv=VM code)
j  jdk.internal.logger.LoggerFinderLoader.<clinit>()V+6 java.base@23.0.1
v  ~StubRoutines::call_stub 0x000002d676540fcd
j  java.lang.System$LoggerFinder.lambda$accessProvider$0()Ljava/lang/System$LoggerFinder;+0 java.base@23.0.1
j  java.lang.System$LoggerFinder$$Lambda+0x000002d60102e1e0.run()Ljava/lang/Object;+0 java.base@23.0.1
j  java.security.AccessController.executePrivileged(Ljava/security/PrivilegedAction;Ljava/security/AccessControlContext;Ljava/lang/Class;)Ljava/lang/Object;+29 java.base@23.0.1
j  java.security.AccessController.doPrivileged(Ljava/security/PrivilegedAction;Ljava/security/AccessControlContext;)Ljava/lang/Object;+13 java.base@23.0.1
j  java.security.AccessController.doPrivileged(Ljava/security/PrivilegedAction;Ljava/security/AccessControlContext;[Ljava/security/Permission;)Ljava/lang/Object;+48 java.base@23.0.1
j  java.lang.System$LoggerFinder.accessProvider()Ljava/lang/System$LoggerFinder;+26 java.base@23.0.1
j  java.lang.System$LoggerFinder.getLoggerFinder()Ljava/lang/System$LoggerFinder;+15 java.base@23.0.1
j  jdk.internal.logger.LazyLoggers.accessLoggerFinder()Ljava/lang/System$LoggerFinder;+16 java.base@23.0.1
j  jdk.internal.logger.LazyLoggers.getLoggerFromFinder(Ljava/lang/String;Ljava/lang/Module;)Ljava/lang/System$Logger;+8 java.base@23.0.1
j  jdk.internal.logger.LazyLoggers$1.apply(Ljava/lang/String;Ljava/lang/Module;)Ljava/lang/System$Logger;+2 java.base@23.0.1
j  jdk.internal.logger.LazyLoggers$1.apply(Ljava/lang/Object;Ljava/lang/Object;)Ljava/lang/Object;+9 java.base@23.0.1
j  jdk.internal.logger.LazyLoggers$LazyLoggerAccessor.createLogger()Ljava/lang/System$Logger;+37 java.base@23.0.1
j  jdk.internal.logger.BootstrapLogger.getLogger(Ljdk/internal/logger/LazyLoggers$LazyLoggerAccessor;Ljava/util/function/BooleanSupplier;)Ljava/lang/System$Logger;+64 java.base@23.0.1
j  jdk.internal.logger.LazyLoggers$LazyLoggerAccessor.platform()Lsun/util/logging/PlatformLogger$Bridge;+62 java.base@23.0.1
j  jdk.internal.logger.LazyLoggers$LazyLoggerAccessor.release(Ljdk/internal/logger/SimpleConsoleLogger;Z)V+66 java.base@23.0.1
j  jdk.internal.logger.BootstrapLogger$RedirectedLoggers.replaceSurrogateLoggers(Ljava/util/Map;)V+85 java.base@23.0.1
j  jdk.internal.logger.BootstrapLogger.redirectTemporaryLoggers()V+9 java.base@23.0.1
j  java.util.logging.LogManager.readPrimordialConfiguration()V+23 java.logging@23.0.1
j  java.util.logging.LogManager$2.run()Ljava/lang/Object;+87 java.logging@23.0.1
j  java.security.AccessController.executePrivileged(Ljava/security/PrivilegedAction;Ljava/security/AccessControlContext;Ljava/lang/Class;)Ljava/lang/Object;+29 java.base@23.0.1
j  java.security.AccessController.doPrivileged(Ljava/security/PrivilegedAction;)Ljava/lang/Object;+5 java.base@23.0.1
j  java.util.logging.LogManager.ensureLogManagerInitialized()V+101 java.logging@23.0.1
j  java.util.logging.LogManager.getLogManager()Ljava/util/logging/LogManager;+9 java.logging@23.0.1
j  java.util.logging.Logging.<clinit>()V+0 java.logging@23.0.1
v  ~StubRoutines::call_stub 0x000002d676540fcd
j  java.util.logging.LogManager.getLoggingMXBean()Ljava/util/logging/LoggingMXBean;+0 java.logging@23.0.1
j  java.lang.invoke.DirectMethodHandle$Holder.invokeStatic(Ljava/lang/Object;)Ljava/lang/Object;+9 java.base@23.0.1
j  java.lang.invoke.LambdaForm$MH+0x000002d601000400.invoke(Ljava/lang/Object;Ljava/lang/Object;)Ljava/lang/Object;+12 java.base@23.0.1
j  java.lang.invoke.Invokers$Holder.invokeExact_MT(Ljava/lang/Object;Ljava/lang/Object;Ljava/lang/Object;)Ljava/lang/Object;+19 java.base@23.0.1
j  jdk.internal.reflect.DirectMethodHandleAccessor.invokeImpl(Ljava/lang/Object;[Ljava/lang/Object;)Ljava/lang/Object;+41 java.base@23.0.1
j  jdk.internal.reflect.DirectMethodHandleAccessor.invoke(Ljava/lang/Object;[Ljava/lang/Object;)Ljava/lang/Object;+23 java.base@23.0.1
j  java.lang.reflect.Method.invoke(Ljava/lang/Object;[Ljava/lang/Object;)Ljava/lang/Object;+102 java.base@23.0.1
j  sun.management.ManagementFactoryHelper$LoggingMXBeanAccess.getMXBeanImplementation()Ljava/lang/Object;+35 java.management@23.0.1
j  sun.management.ManagementFactoryHelper$LoggingMXBeanAccess.<init>()V+5 java.management@23.0.1
j  sun.management.ManagementFactoryHelper$PlatformLoggingImpl.getInstance()Lsun/management/ManagementFactoryHelper$PlatformLoggingImpl;+8 java.management@23.0.1
j  sun.management.ManagementFactoryHelper$PlatformLoggingImpl.<clinit>()V+0 java.management@23.0.1
v  ~StubRoutines::call_stub 0x000002d676540fcd
j  sun.management.ManagementFactoryHelper.getPlatformLoggingMXBean()Ljava/lang/management/PlatformLoggingMXBean;+6 java.management@23.0.1
j  java.lang.management.DefaultPlatformMBeanProvider$9.nameToMBeanMap()Ljava/util/Map;+2 java.management@23.0.1
j  java.lang.management.ManagementFactory.lambda$getPlatformMBeanServer$0(Lsun/management/spi/PlatformMBeanProvider$PlatformComponent;)Ljava/util/stream/Stream;+1 java.management@23.0.1
j  java.lang.management.ManagementFactory$$Lambda+0x000002d601064d50.apply(Ljava/lang/Object;)Ljava/lang/Object;+4 java.management@23.0.1
j  java.util.stream.ReferencePipeline$7$1FlatMap.accept(Ljava/lang/Object;)V+8 java.base@23.0.1
j  java.util.stream.ReferencePipeline$2$1.accept(Ljava/lang/Object;)V+21 java.base@23.0.1
j  java.util.HashMap$ValueSpliterator.forEachRemaining(Ljava/util/function/Consumer;)V+145 java.base@23.0.1
j  java.util.stream.AbstractPipeline.copyInto(Ljava/util/stream/Sink;Ljava/util/Spliterator;)V+32 java.base@23.0.1
j  java.util.stream.AbstractPipeline.wrapAndCopyInto(Ljava/util/stream/Sink;Ljava/util/Spliterator;)Ljava/util/stream/Sink;+13 java.base@23.0.1
j  java.util.stream.ForEachOps$ForEachOp.evaluateSequential(Ljava/util/stream/PipelineHelper;Ljava/util/Spliterator;)Ljava/lang/Void;+3 java.base@23.0.1
j  java.util.stream.ForEachOps$ForEachOp$OfRef.evaluateSequential(Ljava/util/stream/PipelineHelper;Ljava/util/Spliterator;)Ljava/lang/Object;+3 java.base@23.0.1
j  java.util.stream.AbstractPipeline.evaluate(Ljava/util/stream/TerminalOp;)Ljava/lang/Object;+88 java.base@23.0.1
j  java.util.stream.ReferencePipeline.forEach(Ljava/util/function/Consumer;)V+6 java.base@23.0.1
j  java.lang.management.ManagementFactory.getPlatformMBeanServer()Ljavax/management/MBeanServer;+68 java.management@23.0.1
j  sun.management.jmxremote.ConnectorBootstrap.startLocalConnectorServer()Ljavax/management/remote/JMXConnectorServer;+88 jdk.management.agent@23.0.1
j  jdk.internal.agent.Agent.startLocalManagementAgent()V+13 jdk.management.agent@23.0.1
j  jdk.internal.agent.Agent.startAgent(Ljava/util/Properties;)V+58 jdk.management.agent@23.0.1
j  jdk.internal.agent.Agent.startAgent()V+20 jdk.management.agent@23.0.1
v  ~StubRoutines::call_stub 0x000002d676540fcd
Lock stack of current Java thread (top to bottom):
LockStack[0]: java.lang.Class 
{0x00000000804911f0} - klass: 'java/lang/Class'
 - ---- fields (total size 20 words):
 - private volatile transient 'classRedefinedCount' 'I' @12  0 (0x00000000)
 - injected 'klass' 'J' @16  3118150216448 (0x000002d6003c6b00)
 - injected 'array_klass' 'J' @24  0 (0x0000000000000000)
 - injected 'oop_size' 'I' @32  20 (0x00000014)
 - injected 'static_oop_field_count' 'I' @36  4 (0x00000004)
 - private volatile transient 'cachedConstructor' 'Ljava/lang/reflect/Constructor;' @40  null (0x00000000)
 - private transient 'name' 'Ljava/lang/String;' @44  "java.util.logging.LogManager"{0x0000000080495da0} (0x80495da0)
 - private transient 'module' 'Ljava/lang/Module;' @48  a 'java/lang/Module'{0x0000000087839768} (0x87839768)
 - private final 'classLoader' 'Ljava/lang/ClassLoader;' @52  null (0x00000000)
 - private transient 'classData' 'Ljava/lang/Object;' @56  null (0x00000000)
 - private transient 'packageName' 'Ljava/lang/String;' @60  "java.util.logging"{0x00000000878128d0} (0x878128d0)
 - private final 'componentType' 'Ljava/lang/Class;' @64  null (0x00000000)
 - private volatile transient 'reflectionData' 'Ljava/lang/ref/SoftReference;' @68  a 'java/lang/ref/SoftReference'{0x0000000087fed140} (0x87fed140)
 - private volatile transient 'genericInfo' 'Lsun/reflect/generics/repository/ClassRepository;' @72  null (0x00000000)
 - private volatile transient 'enumConstants' '[Ljava/lang/Object;' @76  null (0x00000000)
 - private volatile transient 'enumConstantDirectory' 'Ljava/util/Map;' @80  null (0x00000000)
 - private volatile transient 'annotationData' 'Ljava/lang/Class$AnnotationData;' @84  null (0x00000000)
 - private volatile transient 'annotationType' 'Lsun/reflect/annotation/AnnotationType;' @88  null (0x00000000)
 - transient 'classValueMap' 'Ljava/lang/ClassValue$ClassValueMap;' @92  null (0x00000000)
 - injected 'protection_domain' 'Ljava/lang/Object;' @96  null (0x00000000)
 - injected 'signers_name' 'Ljava/lang/Object;' @100  null (0x00000000)
 - injected 'source_file' 'Ljava/lang/Object;' @104  null (0x00000000)
 - signature: Ljava/util/logging/LogManager;
 - ---- static fields (4):
 - private static final 'defaultLevel' 'Ljava/util/logging/Level;' @112  a 'java/util/logging/Level'{0x0000000087ff11a8} (0x87ff11a8)
 - private static final 'STATE_INITIALIZED' 'I' @128  0 (0x00000000)
 - private static final 'STATE_INITIALIZING' 'I' @132  1 (0x00000001)
 - private static final 'STATE_READING_CONFIG' 'I' @136  2 (0x00000002)
 - private static final 'STATE_UNINITIALIZED' 'I' @140  3 (0x00000003)
 - private static final 'STATE_SHUTDOWN' 'I' @144  4 (0x00000004)
 - private static final 'manager' 'Ljava/util/logging/LogManager;' @116  a 'java/util/logging/LogManager'{0x0000000087ff1a68} (0x87ff1a68)
 - private static final 'MAX_ITERATIONS' 'I' @148  400 (0x00000190)
 - static final 'controlPermission' 'Ljava/security/Permission;' @120  a 'java/util/logging/LoggingPermission'{0x0000000087ff2750} (0x87ff2750)
 - public static final 'LOGGING_MXBEAN_NAME' 'Ljava/lang/String;' @124  "java.util.logging:type=Logging"{0x000000008045f238} (0x8045f238)
 - static final synthetic '$assertionsDisabled' 'Z' @152  true (0x01)

getstatic  178 getstatic  [0x000002d6765572a0, 0x000002d6765574a0]  512 bytes
[MachCode]
  0x000002d6765572a0: 4883 ec08 | c5fa 1104 | 24eb 1f48 | 83ec 10c5 | fb11 0424 | eb14 4883 | ec10 4889 | 0424 48c7 
  0x000002d6765572c0: 4424 0800 | 0000 00eb | 0150 488b | 4dd0 410f | b755 0148 | 8b49 286b | d218 488d | 4c11 080f 
  0x000002d6765572e0: b659 1281 | fbb2 0000 | 000f 84bd | 0000 00bb | b200 0000 | e805 0000 | 00e9 9900 | 0000 488b 
  0x000002d676557300: d348 8d44 | 2408 4c89 | 6dc0 498b | cfc5 f877 | 4989 afb0 | 0300 0049 | 8987 a003 | 0000 4883 
  0x000002d676557320: ec20 40f6 | c40f 0f84 | 1900 0000 | 4883 ec08 | 48b8 6051 | 1f5f ff7f | 0000 ffd0 | 4883 c408 
  0x000002d676557340: e90c 0000 | 0048 b860 | 511f 5fff | 7f00 00ff | d048 83c4 | 2049 c787 | a003 0000 | 0000 0000 
  0x000002d676557360: 49c7 87b0 | 0300 0000 | 0000 0049 | c787 a803 | 0000 0000 | 0000 c5f8 | 7749 837f | 0800 0f84 
  0x000002d676557380: 0500 0000 | e937 9bfe | ff4c 8b6d | c04c 8b75 | c84e 8d74 | f500 c348 | 8b4d d041 | 0fb7 5501 
  0x000002d6765573a0: 488b 4928 | 6bd2 1848 | 8d4c 1108 | 8b59 080f | b651 110f | b641 104c | 8b09 4d8b | 4970 4d8b 
  0x000002d6765573c0: 0985 c00f | 850b 0000 | 0041 0fbe | 0419 50e9 | b100 0000 | 83f8 010f | 850b 0000 | 0041 0fb6 
  0x000002d6765573e0: 0419 50e9 | 9d00 0000 | 83f8 080f | 850a 0000 | 0041 8b04 | 1950 e98a | 0000 0083 | f804 0f85 
  0x000002d676557400: 0a00 0000 | 418b 0419 | 50e9 7700 | 0000 83f8 | 020f 850b | 0000 0041 | 0fb7 0419 | 50e9 6300 
  0x000002d676557420: 0000 83f8 | 030f 850b | 0000 0041 | 0fbf 0419 | 50e9 4f00 | 0000 83f8 | 050f 851a | 0000 0049 
  0x000002d676557440: 8b04 1948 | 83ec 1048 | 8904 2448 | c744 2408 | 0000 0000 | e92c 0000 | 0083 f806 | 0f85 1400 
  0x000002d676557460: 0000 c4c1 | 7a10 0419 | 4883 ec08 | c5fa 1104 | 24e9 0f00 | 0000 c4c1 | 7b10 0419 | 4883 ec10 
  0x000002d676557480: c5fb 1104 | 2441 0fb6 | 5d03 4983 | c503 49ba | 507e aa5f | ff7f 0000 | 41ff 24da | 0f1f 4000 
[/MachCode]

---------------  P R O C E S S  ---------------

Threads class SMR info:
_java_thread_list=0x000002d6450d6ef0, length=12, elements={
0x000002d66bc3a8b0, 0x000002d67dd009e0, 0x000002d67dd02250, 0x000002d67dd078e0,
0x000002d67dd0b470, 0x000002d67dd0c280, 0x000002d67dd0caa0, 0x000002d67dd0da60,
0x000002d645099990, 0x000002d6450a8890, 0x000002d645432300, 0x000002d645432970
}

Java Threads: ( => current thread )
=>0x000002d66bc3a8b0 JavaThread "main"                              [_thread_in_vm, id=8024, stack(0x000000e1ca000000,0x000000e1ca100000) (1024K)]
  0x000002d67dd009e0 JavaThread "Reference Handler"          daemon [_thread_blocked, id=11144, stack(0x000000e1ca800000,0x000000e1ca900000) (1024K)]
  0x000002d67dd02250 JavaThread "Finalizer"                  daemon [_thread_blocked, id=4000, stack(0x000000e1ca900000,0x000000e1caa00000) (1024K)]
  0x000002d67dd078e0 JavaThread "Signal Dispatcher"          daemon [_thread_blocked, id=6540, stack(0x000000e1caa00000,0x000000e1cab00000) (1024K)]
  0x000002d67dd0b470 JavaThread "Attach Listener"            daemon [_thread_blocked, id=5080, stack(0x000000e1cab00000,0x000000e1cac00000) (1024K)]
  0x000002d67dd0c280 JavaThread "Service Thread"             daemon [_thread_blocked, id=1532, stack(0x000000e1cac00000,0x000000e1cad00000) (1024K)]
  0x000002d67dd0caa0 JavaThread "Monitor Deflation Thread"   daemon [_thread_blocked, id=6880, stack(0x000000e1cad00000,0x000000e1cae00000) (1024K)]
  0x000002d67dd0da60 JavaThread "C1 CompilerThread0"         daemon [_thread_blocked, id=3336, stack(0x000000e1cae00000,0x000000e1caf00000) (1024K)]
  0x000002d645099990 JavaThread "Common-Cleaner"             daemon [_thread_blocked, id=7860, stack(0x000000e1caf00000,0x000000e1cb000000) (1024K)]
  0x000002d6450a8890 JavaThread "C1 CompilerThread1"         daemon [_thread_blocked, id=9144, stack(0x000000e1cb000000,0x000000e1cb100000) (1024K)]
  0x000002d645432300 JavaThread "Monitor Ctrl-Break"         daemon [_thread_in_native, id=7160, stack(0x000000e1cb100000,0x000000e1cb200000) (1024K)]
  0x000002d645432970 JavaThread "Notification Thread"        daemon [_thread_blocked, id=3500, stack(0x000000e1cb200000,0x000000e1cb300000) (1024K)]
Total: 12

Other Threads:
  0x000002d67dce5770 VMThread "VM Thread"                           [id=5240, stack(0x000000e1ca700000,0x000000e1ca800000) (1024K)]
  0x000002d67dcd5480 WatcherThread "VM Periodic Task Thread"        [id=11024, stack(0x000000e1ca600000,0x000000e1ca700000) (1024K)]
  0x000002d66de66e20 WorkerThread "GC Thread#0"                     [id=11960, stack(0x000000e1ca100000,0x000000e1ca200000) (1024K)]
  0x000002d645538c60 WorkerThread "GC Thread#1"                     [id=10148, stack(0x000000e1cb300000,0x000000e1cb400000) (1024K)]
  0x000002d66bcfdfe0 ConcurrentGCThread "G1 Main Marker"            [id=11972, stack(0x000000e1ca200000,0x000000e1ca300000) (1024K)]
  0x000002d66bcfebb0 WorkerThread "G1 Conc#0"                       [id=6300, stack(0x000000e1ca300000,0x000000e1ca400000) (1024K)]
  0x000002d67db984f0 ConcurrentGCThread "G1 Refine#0"               [id=764, stack(0x000000e1ca400000,0x000000e1ca500000) (1024K)]
  0x000002d67db98ed0 ConcurrentGCThread "G1 Service"                [id=7044, stack(0x000000e1ca500000,0x000000e1ca600000) (1024K)]
Total: 8

Threads with active compile tasks:
Total: 0

VM state: not at safepoint (normal execution)

VM Mutex/Monitor currently owned by a thread:  ([mutex/lock_event])
[0x00007fff5fa91890] Metaspace_lock - owner thread: 0x000002d66bc3a8b0

Heap address: 0x0000000080000000, size: 2048 MB, Compressed Oops mode: 32-bit

CDS archive(s) mapped at: [0x000002d600000000-0x000002d600d70000-0x000002d600d70000), size 14090240, SharedBaseAddress: 0x000002d600000000, ArchiveRelocationMode: 1.
Compressed class space mapped at: 0x000002d601000000-0x000002d641000000, reserved size: 1073741824
Narrow klass base: 0x000002d600000000, Narrow klass shift: 0, Narrow klass range: 0x41000000

GC Precious Log:
 CardTable entry size: 512
 Card Set container configuration: InlinePtr #cards 5 size 8 Array Of Cards #cards 10 size 36 Howl #buckets 4 coarsen threshold 1843 Howl Bitmap #cards 512 size 80 coarsen threshold 460 Card regions per heap region 1 cards per card region 2048
 CPUs: 2 total, 2 available
 Memory: 8191M
 Large Page Support: Disabled
 NUMA Support: Disabled
 Compressed Oops: Enabled (32-bit)
 Heap Region Size: 1M
 Heap Min Capacity: 8M
 Heap Initial Capacity: 128M
 Heap Max Capacity: 2G
 Pre-touch: Disabled
 Parallel Workers: 2
 Concurrent Workers: 1
 Concurrent Refinement Workers: 2
 Periodic GC: Disabled

Heap:
 garbage-first heap   total reserved 2097152K, committed 131072K, used 6240K [0x0000000080000000, 0x0000000100000000)
  region size 1024K, 2 young (2048K), 1 survivors (1024K)
 Metaspace       used 2708K, committed 2816K, reserved 1114112K
  class space    used 338K, committed 384K, reserved 1048576K

Heap Regions: E=young(eden), S=young(survivor), O=old, HS=humongous(starts), HC=humongous(continues), CS=collection set, F=free, TAMS=top-at-mark-start, PB=parsable bottom
|   0|0x0000000080000000, 0x0000000080100000, 0x0000000080100000|100%|HS|  |TAMS 0x0000000080000000| PB 0x0000000080000000| Complete |  0
|   1|0x0000000080100000, 0x0000000080200000, 0x0000000080200000|100%|HS|  |TAMS 0x0000000080100000| PB 0x0000000080100000| Complete |  0
|   2|0x0000000080200000, 0x0000000080300000, 0x0000000080300000|100%| O|  |TAMS 0x0000000080200000| PB 0x0000000080200000| Untracked |  0
|   3|0x0000000080300000, 0x0000000080400000, 0x0000000080400000|100%| O|  |TAMS 0x0000000080300000| PB 0x0000000080300000| Untracked |  0
|   4|0x0000000080400000, 0x0000000080500000, 0x0000000080500000|100%| O|  |TAMS 0x0000000080400000| PB 0x0000000080400000| Untracked |  0
|   5|0x0000000080500000, 0x0000000080518000, 0x0000000080600000|  9%| O|  |TAMS 0x0000000080500000| PB 0x0000000080500000| Untracked |  0
|   6|0x0000000080600000, 0x0000000080600000, 0x0000000080700000|  0%| F|  |TAMS 0x0000000080600000| PB 0x0000000080600000| Untracked |  0
|   7|0x0000000080700000, 0x0000000080700000, 0x0000000080800000|  0%| F|  |TAMS 0x0000000080700000| PB 0x0000000080700000| Untracked |  0
|   8|0x0000000080800000, 0x0000000080800000, 0x0000000080900000|  0%| F|  |TAMS 0x0000000080800000| PB 0x0000000080800000| Untracked |  0
|   9|0x0000000080900000, 0x0000000080900000, 0x0000000080a00000|  0%| F|  |TAMS 0x0000000080900000| PB 0x0000000080900000| Untracked |  0
|  10|0x0000000080a00000, 0x0000000080a00000, 0x0000000080b00000|  0%| F|  |TAMS 0x0000000080a00000| PB 0x0000000080a00000| Untracked |  0
|  11|0x0000000080b00000, 0x0000000080b00000, 0x0000000080c00000|  0%| F|  |TAMS 0x0000000080b00000| PB 0x0000000080b00000| Untracked |  0
|  12|0x0000000080c00000, 0x0000000080c00000, 0x0000000080d00000|  0%| F|  |TAMS 0x0000000080c00000| PB 0x0000000080c00000| Untracked |  0
|  13|0x0000000080d00000, 0x0000000080d00000, 0x0000000080e00000|  0%| F|  |TAMS 0x0000000080d00000| PB 0x0000000080d00000| Untracked |  0
|  14|0x0000000080e00000, 0x0000000080e00000, 0x0000000080f00000|  0%| F|  |TAMS 0x0000000080e00000| PB 0x0000000080e00000| Untracked |  0
|  15|0x0000000080f00000, 0x0000000080f00000, 0x0000000081000000|  0%| F|  |TAMS 0x0000000080f00000| PB 0x0000000080f00000| Untracked |  0
|  16|0x0000000081000000, 0x0000000081000000, 0x0000000081100000|  0%| F|  |TAMS 0x0000000081000000| PB 0x0000000081000000| Untracked |  0
|  17|0x0000000081100000, 0x0000000081100000, 0x0000000081200000|  0%| F|  |TAMS 0x0000000081100000| PB 0x0000000081100000| Untracked |  0
|  18|0x0000000081200000, 0x0000000081200000, 0x0000000081300000|  0%| F|  |TAMS 0x0000000081200000| PB 0x0000000081200000| Untracked |  0
|  19|0x0000000081300000, 0x0000000081300000, 0x0000000081400000|  0%| F|  |TAMS 0x0000000081300000| PB 0x0000000081300000| Untracked |  0
|  20|0x0000000081400000, 0x0000000081400000, 0x0000000081500000|  0%| F|  |TAMS 0x0000000081400000| PB 0x0000000081400000| Untracked |  0
|  21|0x0000000081500000, 0x0000000081500000, 0x0000000081600000|  0%| F|  |TAMS 0x0000000081500000| PB 0x0000000081500000| Untracked |  0
|  22|0x0000000081600000, 0x0000000081600000, 0x0000000081700000|  0%| F|  |TAMS 0x0000000081600000| PB 0x0000000081600000| Untracked |  0
|  23|0x0000000081700000, 0x0000000081700000, 0x0000000081800000|  0%| F|  |TAMS 0x0000000081700000| PB 0x0000000081700000| Untracked |  0
|  24|0x0000000081800000, 0x0000000081800000, 0x0000000081900000|  0%| F|  |TAMS 0x0000000081800000| PB 0x0000000081800000| Untracked |  0
|  25|0x0000000081900000, 0x0000000081900000, 0x0000000081a00000|  0%| F|  |TAMS 0x0000000081900000| PB 0x0000000081900000| Untracked |  0
|  26|0x0000000081a00000, 0x0000000081a00000, 0x0000000081b00000|  0%| F|  |TAMS 0x0000000081a00000| PB 0x0000000081a00000| Untracked |  0
|  27|0x0000000081b00000, 0x0000000081b00000, 0x0000000081c00000|  0%| F|  |TAMS 0x0000000081b00000| PB 0x0000000081b00000| Untracked |  0
|  28|0x0000000081c00000, 0x0000000081c00000, 0x0000000081d00000|  0%| F|  |TAMS 0x0000000081c00000| PB 0x0000000081c00000| Untracked |  0
|  29|0x0000000081d00000, 0x0000000081d00000, 0x0000000081e00000|  0%| F|  |TAMS 0x0000000081d00000| PB 0x0000000081d00000| Untracked |  0
|  30|0x0000000081e00000, 0x0000000081e00000, 0x0000000081f00000|  0%| F|  |TAMS 0x0000000081e00000| PB 0x0000000081e00000| Untracked |  0
|  31|0x0000000081f00000, 0x0000000081f00000, 0x0000000082000000|  0%| F|  |TAMS 0x0000000081f00000| PB 0x0000000081f00000| Untracked |  0
|  32|0x0000000082000000, 0x0000000082000000, 0x0000000082100000|  0%| F|  |TAMS 0x0000000082000000| PB 0x0000000082000000| Untracked |  0
|  33|0x0000000082100000, 0x0000000082100000, 0x0000000082200000|  0%| F|  |TAMS 0x0000000082100000| PB 0x0000000082100000| Untracked |  0
|  34|0x0000000082200000, 0x0000000082200000, 0x0000000082300000|  0%| F|  |TAMS 0x0000000082200000| PB 0x0000000082200000| Untracked |  0
|  35|0x0000000082300000, 0x0000000082300000, 0x0000000082400000|  0%| F|  |TAMS 0x0000000082300000| PB 0x0000000082300000| Untracked |  0
|  36|0x0000000082400000, 0x0000000082400000, 0x0000000082500000|  0%| F|  |TAMS 0x0000000082400000| PB 0x0000000082400000| Untracked |  0
|  37|0x0000000082500000, 0x0000000082500000, 0x0000000082600000|  0%| F|  |TAMS 0x0000000082500000| PB 0x0000000082500000| Untracked |  0
|  38|0x0000000082600000, 0x0000000082600000, 0x0000000082700000|  0%| F|  |TAMS 0x0000000082600000| PB 0x0000000082600000| Untracked |  0
|  39|0x0000000082700000, 0x0000000082700000, 0x0000000082800000|  0%| F|  |TAMS 0x0000000082700000| PB 0x0000000082700000| Untracked |  0
|  40|0x0000000082800000, 0x0000000082800000, 0x0000000082900000|  0%| F|  |TAMS 0x0000000082800000| PB 0x0000000082800000| Untracked |  0
|  41|0x0000000082900000, 0x0000000082900000, 0x0000000082a00000|  0%| F|  |TAMS 0x0000000082900000| PB 0x0000000082900000| Untracked |  0
|  42|0x0000000082a00000, 0x0000000082a00000, 0x0000000082b00000|  0%| F|  |TAMS 0x0000000082a00000| PB 0x0000000082a00000| Untracked |  0
|  43|0x0000000082b00000, 0x0000000082b00000, 0x0000000082c00000|  0%| F|  |TAMS 0x0000000082b00000| PB 0x0000000082b00000| Untracked |  0
|  44|0x0000000082c00000, 0x0000000082c00000, 0x0000000082d00000|  0%| F|  |TAMS 0x0000000082c00000| PB 0x0000000082c00000| Untracked |  0
|  45|0x0000000082d00000, 0x0000000082d00000, 0x0000000082e00000|  0%| F|  |TAMS 0x0000000082d00000| PB 0x0000000082d00000| Untracked |  0
|  46|0x0000000082e00000, 0x0000000082e00000, 0x0000000082f00000|  0%| F|  |TAMS 0x0000000082e00000| PB 0x0000000082e00000| Untracked |  0
|  47|0x0000000082f00000, 0x0000000082f00000, 0x0000000083000000|  0%| F|  |TAMS 0x0000000082f00000| PB 0x0000000082f00000| Untracked |  0
|  48|0x0000000083000000, 0x0000000083000000, 0x0000000083100000|  0%| F|  |TAMS 0x0000000083000000| PB 0x0000000083000000| Untracked |  0
|  49|0x0000000083100000, 0x0000000083100000, 0x0000000083200000|  0%| F|  |TAMS 0x0000000083100000| PB 0x0000000083100000| Untracked |  0
|  50|0x0000000083200000, 0x0000000083200000, 0x0000000083300000|  0%| F|  |TAMS 0x0000000083200000| PB 0x0000000083200000| Untracked |  0
|  51|0x0000000083300000, 0x0000000083300000, 0x0000000083400000|  0%| F|  |TAMS 0x0000000083300000| PB 0x0000000083300000| Untracked |  0
|  52|0x0000000083400000, 0x0000000083400000, 0x0000000083500000|  0%| F|  |TAMS 0x0000000083400000| PB 0x0000000083400000| Untracked |  0
|  53|0x0000000083500000, 0x0000000083500000, 0x0000000083600000|  0%| F|  |TAMS 0x0000000083500000| PB 0x0000000083500000| Untracked |  0
|  54|0x0000000083600000, 0x0000000083600000, 0x0000000083700000|  0%| F|  |TAMS 0x0000000083600000| PB 0x0000000083600000| Untracked |  0
|  55|0x0000000083700000, 0x0000000083700000, 0x0000000083800000|  0%| F|  |TAMS 0x0000000083700000| PB 0x0000000083700000| Untracked |  0
|  56|0x0000000083800000, 0x0000000083800000, 0x0000000083900000|  0%| F|  |TAMS 0x0000000083800000| PB 0x0000000083800000| Untracked |  0
|  57|0x0000000083900000, 0x0000000083900000, 0x0000000083a00000|  0%| F|  |TAMS 0x0000000083900000| PB 0x0000000083900000| Untracked |  0
|  58|0x0000000083a00000, 0x0000000083a00000, 0x0000000083b00000|  0%| F|  |TAMS 0x0000000083a00000| PB 0x0000000083a00000| Untracked |  0
|  59|0x0000000083b00000, 0x0000000083b00000, 0x0000000083c00000|  0%| F|  |TAMS 0x0000000083b00000| PB 0x0000000083b00000| Untracked |  0
|  60|0x0000000083c00000, 0x0000000083c00000, 0x0000000083d00000|  0%| F|  |TAMS 0x0000000083c00000| PB 0x0000000083c00000| Untracked |  0
|  61|0x0000000083d00000, 0x0000000083d00000, 0x0000000083e00000|  0%| F|  |TAMS 0x0000000083d00000| PB 0x0000000083d00000| Untracked |  0
|  62|0x0000000083e00000, 0x0000000083e00000, 0x0000000083f00000|  0%| F|  |TAMS 0x0000000083e00000| PB 0x0000000083e00000| Untracked |  0
|  63|0x0000000083f00000, 0x0000000083f00000, 0x0000000084000000|  0%| F|  |TAMS 0x0000000083f00000| PB 0x0000000083f00000| Untracked |  0
|  64|0x0000000084000000, 0x0000000084000000, 0x0000000084100000|  0%| F|  |TAMS 0x0000000084000000| PB 0x0000000084000000| Untracked |  0
|  65|0x0000000084100000, 0x0000000084100000, 0x0000000084200000|  0%| F|  |TAMS 0x0000000084100000| PB 0x0000000084100000| Untracked |  0
|  66|0x0000000084200000, 0x0000000084200000, 0x0000000084300000|  0%| F|  |TAMS 0x0000000084200000| PB 0x0000000084200000| Untracked |  0
|  67|0x0000000084300000, 0x0000000084300000, 0x0000000084400000|  0%| F|  |TAMS 0x0000000084300000| PB 0x0000000084300000| Untracked |  0
|  68|0x0000000084400000, 0x0000000084400000, 0x0000000084500000|  0%| F|  |TAMS 0x0000000084400000| PB 0x0000000084400000| Untracked |  0
|  69|0x0000000084500000, 0x0000000084500000, 0x0000000084600000|  0%| F|  |TAMS 0x0000000084500000| PB 0x0000000084500000| Untracked |  0
|  70|0x0000000084600000, 0x0000000084600000, 0x0000000084700000|  0%| F|  |TAMS 0x0000000084600000| PB 0x0000000084600000| Untracked |  0
|  71|0x0000000084700000, 0x0000000084700000, 0x0000000084800000|  0%| F|  |TAMS 0x0000000084700000| PB 0x0000000084700000| Untracked |  0
|  72|0x0000000084800000, 0x0000000084800000, 0x0000000084900000|  0%| F|  |TAMS 0x0000000084800000| PB 0x0000000084800000| Untracked |  0
|  73|0x0000000084900000, 0x0000000084900000, 0x0000000084a00000|  0%| F|  |TAMS 0x0000000084900000| PB 0x0000000084900000| Untracked |  0
|  74|0x0000000084a00000, 0x0000000084a00000, 0x0000000084b00000|  0%| F|  |TAMS 0x0000000084a00000| PB 0x0000000084a00000| Untracked |  0
|  75|0x0000000084b00000, 0x0000000084b00000, 0x0000000084c00000|  0%| F|  |TAMS 0x0000000084b00000| PB 0x0000000084b00000| Untracked |  0
|  76|0x0000000084c00000, 0x0000000084c00000, 0x0000000084d00000|  0%| F|  |TAMS 0x0000000084c00000| PB 0x0000000084c00000| Untracked |  0
|  77|0x0000000084d00000, 0x0000000084d00000, 0x0000000084e00000|  0%| F|  |TAMS 0x0000000084d00000| PB 0x0000000084d00000| Untracked |  0
|  78|0x0000000084e00000, 0x0000000084e00000, 0x0000000084f00000|  0%| F|  |TAMS 0x0000000084e00000| PB 0x0000000084e00000| Untracked |  0
|  79|0x0000000084f00000, 0x0000000084f00000, 0x0000000085000000|  0%| F|  |TAMS 0x0000000084f00000| PB 0x0000000084f00000| Untracked |  0
|  80|0x0000000085000000, 0x0000000085000000, 0x0000000085100000|  0%| F|  |TAMS 0x0000000085000000| PB 0x0000000085000000| Untracked |  0
|  81|0x0000000085100000, 0x0000000085100000, 0x0000000085200000|  0%| F|  |TAMS 0x0000000085100000| PB 0x0000000085100000| Untracked |  0
|  82|0x0000000085200000, 0x0000000085200000, 0x0000000085300000|  0%| F|  |TAMS 0x0000000085200000| PB 0x0000000085200000| Untracked |  0
|  83|0x0000000085300000, 0x0000000085300000, 0x0000000085400000|  0%| F|  |TAMS 0x0000000085300000| PB 0x0000000085300000| Untracked |  0
|  84|0x0000000085400000, 0x0000000085400000, 0x0000000085500000|  0%| F|  |TAMS 0x0000000085400000| PB 0x0000000085400000| Untracked |  0
|  85|0x0000000085500000, 0x0000000085500000, 0x0000000085600000|  0%| F|  |TAMS 0x0000000085500000| PB 0x0000000085500000| Untracked |  0
|  86|0x0000000085600000, 0x0000000085600000, 0x0000000085700000|  0%| F|  |TAMS 0x0000000085600000| PB 0x0000000085600000| Untracked |  0
|  87|0x0000000085700000, 0x0000000085700000, 0x0000000085800000|  0%| F|  |TAMS 0x0000000085700000| PB 0x0000000085700000| Untracked |  0
|  88|0x0000000085800000, 0x0000000085800000, 0x0000000085900000|  0%| F|  |TAMS 0x0000000085800000| PB 0x0000000085800000| Untracked |  0
|  89|0x0000000085900000, 0x0000000085900000, 0x0000000085a00000|  0%| F|  |TAMS 0x0000000085900000| PB 0x0000000085900000| Untracked |  0
|  90|0x0000000085a00000, 0x0000000085a00000, 0x0000000085b00000|  0%| F|  |TAMS 0x0000000085a00000| PB 0x0000000085a00000| Untracked |  0
|  91|0x0000000085b00000, 0x0000000085b00000, 0x0000000085c00000|  0%| F|  |TAMS 0x0000000085b00000| PB 0x0000000085b00000| Untracked |  0
|  92|0x0000000085c00000, 0x0000000085c00000, 0x0000000085d00000|  0%| F|  |TAMS 0x0000000085c00000| PB 0x0000000085c00000| Untracked |  0
|  93|0x0000000085d00000, 0x0000000085d00000, 0x0000000085e00000|  0%| F|  |TAMS 0x0000000085d00000| PB 0x0000000085d00000| Untracked |  0
|  94|0x0000000085e00000, 0x0000000085e00000, 0x0000000085f00000|  0%| F|  |TAMS 0x0000000085e00000| PB 0x0000000085e00000| Untracked |  0
|  95|0x0000000085f00000, 0x0000000085f00000, 0x0000000086000000|  0%| F|  |TAMS 0x0000000085f00000| PB 0x0000000085f00000| Untracked |  0
|  96|0x0000000086000000, 0x0000000086000000, 0x0000000086100000|  0%| F|  |TAMS 0x0000000086000000| PB 0x0000000086000000| Untracked |  0
|  97|0x0000000086100000, 0x0000000086100000, 0x0000000086200000|  0%| F|  |TAMS 0x0000000086100000| PB 0x0000000086100000| Untracked |  0
|  98|0x0000000086200000, 0x0000000086200000, 0x0000000086300000|  0%| F|  |TAMS 0x0000000086200000| PB 0x0000000086200000| Untracked |  0
|  99|0x0000000086300000, 0x0000000086300000, 0x0000000086400000|  0%| F|  |TAMS 0x0000000086300000| PB 0x0000000086300000| Untracked |  0
| 100|0x0000000086400000, 0x0000000086400000, 0x0000000086500000|  0%| F|  |TAMS 0x0000000086400000| PB 0x0000000086400000| Untracked |  0
| 101|0x0000000086500000, 0x0000000086500000, 0x0000000086600000|  0%| F|  |TAMS 0x0000000086500000| PB 0x0000000086500000| Untracked |  0
| 102|0x0000000086600000, 0x0000000086600000, 0x0000000086700000|  0%| F|  |TAMS 0x0000000086600000| PB 0x0000000086600000| Untracked |  0
| 103|0x0000000086700000, 0x0000000086700000, 0x0000000086800000|  0%| F|  |TAMS 0x0000000086700000| PB 0x0000000086700000| Untracked |  0
| 104|0x0000000086800000, 0x0000000086800000, 0x0000000086900000|  0%| F|  |TAMS 0x0000000086800000| PB 0x0000000086800000| Untracked |  0
| 105|0x0000000086900000, 0x0000000086900000, 0x0000000086a00000|  0%| F|  |TAMS 0x0000000086900000| PB 0x0000000086900000| Untracked |  0
| 106|0x0000000086a00000, 0x0000000086a00000, 0x0000000086b00000|  0%| F|  |TAMS 0x0000000086a00000| PB 0x0000000086a00000| Untracked |  0
| 107|0x0000000086b00000, 0x0000000086b00000, 0x0000000086c00000|  0%| F|  |TAMS 0x0000000086b00000| PB 0x0000000086b00000| Untracked |  0
| 108|0x0000000086c00000, 0x0000000086c00000, 0x0000000086d00000|  0%| F|  |TAMS 0x0000000086c00000| PB 0x0000000086c00000| Untracked |  0
| 109|0x0000000086d00000, 0x0000000086d00000, 0x0000000086e00000|  0%| F|  |TAMS 0x0000000086d00000| PB 0x0000000086d00000| Untracked |  0
| 110|0x0000000086e00000, 0x0000000086e00000, 0x0000000086f00000|  0%| F|  |TAMS 0x0000000086e00000| PB 0x0000000086e00000| Untracked |  0
| 111|0x0000000086f00000, 0x0000000086f00000, 0x0000000087000000|  0%| F|  |TAMS 0x0000000086f00000| PB 0x0000000086f00000| Untracked |  0
| 112|0x0000000087000000, 0x0000000087000000, 0x0000000087100000|  0%| F|  |TAMS 0x0000000087000000| PB 0x0000000087000000| Untracked |  0
| 113|0x0000000087100000, 0x0000000087100000, 0x0000000087200000|  0%| F|  |TAMS 0x0000000087100000| PB 0x0000000087100000| Untracked |  0
| 114|0x0000000087200000, 0x0000000087200000, 0x0000000087300000|  0%| F|  |TAMS 0x0000000087200000| PB 0x0000000087200000| Untracked |  0
| 115|0x0000000087300000, 0x0000000087300000, 0x0000000087400000|  0%| F|  |TAMS 0x0000000087300000| PB 0x0000000087300000| Untracked |  0
| 116|0x0000000087400000, 0x0000000087400000, 0x0000000087500000|  0%| F|  |TAMS 0x0000000087400000| PB 0x0000000087400000| Untracked |  0
| 117|0x0000000087500000, 0x0000000087500000, 0x0000000087600000|  0%| F|  |TAMS 0x0000000087500000| PB 0x0000000087500000| Untracked |  0
| 118|0x0000000087600000, 0x0000000087600000, 0x0000000087700000|  0%| F|  |TAMS 0x0000000087600000| PB 0x0000000087600000| Untracked |  0
| 119|0x0000000087700000, 0x0000000087700000, 0x0000000087800000|  0%| F|  |TAMS 0x0000000087700000| PB 0x0000000087700000| Untracked |  0
| 120|0x0000000087800000, 0x0000000087900000, 0x0000000087900000|100%| S|CS|TAMS 0x0000000087800000| PB 0x0000000087800000| Complete |  0
| 121|0x0000000087900000, 0x0000000087900000, 0x0000000087a00000|  0%| F|  |TAMS 0x0000000087900000| PB 0x0000000087900000| Untracked |  0
| 122|0x0000000087a00000, 0x0000000087a00000, 0x0000000087b00000|  0%| F|  |TAMS 0x0000000087a00000| PB 0x0000000087a00000| Untracked |  0
| 123|0x0000000087b00000, 0x0000000087b00000, 0x0000000087c00000|  0%| F|  |TAMS 0x0000000087b00000| PB 0x0000000087b00000| Untracked |  0
| 124|0x0000000087c00000, 0x0000000087c00000, 0x0000000087d00000|  0%| F|  |TAMS 0x0000000087c00000| PB 0x0000000087c00000| Untracked |  0
| 125|0x0000000087d00000, 0x0000000087d00000, 0x0000000087e00000|  0%| F|  |TAMS 0x0000000087d00000| PB 0x0000000087d00000| Untracked |  0
| 126|0x0000000087e00000, 0x0000000087e00000, 0x0000000087f00000|  0%| F|  |TAMS 0x0000000087e00000| PB 0x0000000087e00000| Untracked |  0
| 127|0x0000000087f00000, 0x0000000088000000, 0x0000000088000000|100%| E|  |TAMS 0x0000000087f00000| PB 0x0000000087f00000| Complete |  0

Card table byte_map: [0x000002d679540000,0x000002d679940000] _byte_map_base: 0x000002d679140000

Marking Bits: (CMBitMap*) 0x000002d66de67c50
 Bits: [0x000002d679940000, 0x000002d67b940000)

Polling page: 0x000002d66bb90000

Metaspace:

Usage:
  Non-class:      2.31 MB used.
      Class:    338.14 KB used.
       Both:      2.64 MB used.

Virtual space:
  Non-class space:       64.00 MB reserved,       2.38 MB (  4%) committed,  1 nodes.
      Class space:        1.00 GB reserved,     384.00 KB ( <1%) committed,  1 nodes.
             Both:        1.06 GB reserved,       2.75 MB ( <1%) committed. 

Chunk freelists:
   Non-Class:  11.90 MB
       Class:  15.58 MB
        Both:  27.48 MB

MaxMetaspaceSize: unlimited
CompressedClassSpaceSize: 1.00 GB
Initial GC threshold: 21.00 MB
Current GC threshold: 21.00 MB
CDS: on
 - commit_granule_bytes: 65536.
 - commit_granule_words: 8192.
 - virtual_space_node_default_size: 8388608.
 - enlarge_chunks_in_place: 1.
 - use_allocation_guard: 0.


Internal statistics:

num_allocs_failed_limit: 0.
num_arena_births: 92.
num_arena_deaths: 0.
num_vsnodes_births: 2.
num_vsnodes_deaths: 0.
num_space_committed: 44.
num_space_uncommitted: 0.
num_chunks_returned_to_freelist: 0.
num_chunks_taken_from_freelist: 97.
num_chunk_merges: 0.
num_chunk_splits: 68.
num_chunks_enlarged: 43.
num_inconsistent_stats: 0.

CodeCache: size=49152Kb used=2731Kb max_used=2731Kb free=46420Kb
 bounds [0x000002d676540000, 0x000002d6767f0000, 0x000002d679540000]
 total_blobs=1236, nmethods=788, adapters=373, full_count=0
Compilation: enabled, stopped_count=0, restarted_count=0

Compilation events (20 events):
Event: 0.632 Thread 0x000002d67dd0da60  778       1       java.lang.ref.Cleaner::register (25 bytes)
Event: 0.632 Thread 0x000002d6450a8890  779       1       jdk.internal.ref.CleanerImpl$PhantomCleanableRef::<init> (12 bytes)
Event: 0.632 Thread 0x000002d6450a8890 nmethod 779 0x000002d6767e6a08 code [0x000002d6767e6b20, 0x000002d6767e6c68]
Event: 0.632 Thread 0x000002d67dd0da60 nmethod 778 0x000002d6767e6d08 code [0x000002d6767e6e40, 0x000002d6767e7160]
Event: 0.632 Thread 0x000002d67dd0da60  780       1       java.util.ArrayList::grow (60 bytes)
Event: 0.632 Thread 0x000002d67dd0da60 nmethod 780 0x000002d6767e7208 code [0x000002d6767e7340, 0x000002d6767e7650]
Event: 0.634 Thread 0x000002d67dd0da60  782       1       java.util.concurrent.locks.AbstractQueuedSynchronizer::setState (6 bytes)
Event: 0.634 Thread 0x000002d67dd0da60 nmethod 782 0x000002d6767e7a08 code [0x000002d6767e7b20, 0x000002d6767e7bf0]
Event: 0.634 Thread 0x000002d6450a8890  783       1       java.util.Properties$LineReader::readLine (584 bytes)
Event: 0.635 Thread 0x000002d67dd0da60  784       1       java.lang.invoke.MethodHandles$Lookup::isClassAccessible (53 bytes)
Event: 0.635 Thread 0x000002d67dd0da60 nmethod 784 0x000002d6767e7d08 code [0x000002d6767e7e60, 0x000002d6767e80d0]
Event: 0.635 Thread 0x000002d67dd0da60  785       1       java.lang.invoke.MethodHandleImpl::isCompileConstant (2 bytes)
Event: 0.635 Thread 0x000002d67dd0da60 nmethod 785 0x000002d6767e8108 code [0x000002d6767e8220, 0x000002d6767e82c8]
Event: 0.635 Thread 0x000002d67dd0da60  786       1       java.lang.invoke.MethodHandles$Lookup::checkAccess (200 bytes)
Event: 0.636 Thread 0x000002d6450a8890 nmethod 783 0x000002d6767e8408 code [0x000002d6767e8620, 0x000002d6767e9788]
Event: 0.636 Thread 0x000002d67dd0da60 nmethod 786 0x000002d6767e9808 code [0x000002d6767e99a0, 0x000002d6767e9de0]
Event: 0.637 Thread 0x000002d67dd0da60  787       1       java.lang.Class::descriptorString (170 bytes)
Event: 0.637 Thread 0x000002d6450a8890  788       1       java.lang.Integer::numberOfLeadingZeros (79 bytes)
Event: 0.638 Thread 0x000002d6450a8890 nmethod 788 0x000002d6767e9e88 code [0x000002d6767e9fa0, 0x000002d6767ea0d8]
Event: 0.638 Thread 0x000002d67dd0da60 nmethod 787 0x000002d6767ea188 code [0x000002d6767ea440, 0x000002d6767ead90]

GC Heap History (2 events):
Event: 0.560 GC heap before
{Heap before GC invocations=0 (full 0):
 garbage-first heap   total reserved 2097152K, committed 131072K, used 8192K [0x0000000080000000, 0x0000000100000000)
  region size 1024K, 7 young (7168K), 0 survivors (0K)
 Metaspace       used 2321K, committed 2496K, reserved 1114112K
  class space    used 264K, committed 320K, reserved 1048576K
}
Event: 0.566 GC heap after
{Heap after GC invocations=1 (full 0):
 garbage-first heap   total reserved 2097152K, committed 131072K, used 6240K [0x0000000080000000, 0x0000000100000000)
  region size 1024K, 1 young (1024K), 1 survivors (1024K)
 Metaspace       used 2321K, committed 2496K, reserved 1114112K
  class space    used 264K, committed 320K, reserved 1048576K
}

Dll operation events (11 events):
Event: 0.027 Loaded shared library C:\Users\imaan\.jdks\openjdk-23.0.1\bin\java.dll
Event: 0.229 Loaded shared library C:\Users\imaan\.jdks\openjdk-23.0.1\bin\zip.dll
Event: 0.235 Loaded shared library C:\Users\imaan\.jdks\openjdk-23.0.1\bin\instrument.dll
Event: 0.242 Loaded shared library C:\Users\imaan\.jdks\openjdk-23.0.1\bin\net.dll
Event: 0.244 Loaded shared library C:\Users\imaan\.jdks\openjdk-23.0.1\bin\nio.dll
Event: 0.248 Loaded shared library C:\Users\imaan\.jdks\openjdk-23.0.1\bin\zip.dll
Event: 0.386 Loaded shared library C:\Program Files\JetBrains\IntelliJ IDEA 2024.3.1.1\bin\breakgen64.dll
Event: 0.397 Loaded shared library C:\Users\imaan\.jdks\openjdk-23.0.1\bin\jimage.dll
Event: 0.401 Loaded shared library C:\Users\imaan\.jdks\openjdk-23.0.1\bin\extnet.dll
Event: 0.437 Loaded shared library C:\Users\imaan\.jdks\openjdk-23.0.1\bin\management.dll
Event: 0.455 Loaded shared library C:\Users\imaan\.jdks\openjdk-23.0.1\bin\management_ext.dll

Deoptimization events (0 events):
No events

Classes loaded (20 events):
Event: 0.625 Loading class sun/management/VMManagementImpl$1 done
Event: 0.625 Loading class sun/management/CompilationImpl
Event: 0.625 Loading class java/lang/management/CompilationMXBean
Event: 0.626 Loading class java/lang/management/CompilationMXBean done
Event: 0.626 Loading class sun/management/CompilationImpl done
Event: 0.630 Loading class sun/management/ManagementFactoryHelper$PlatformLoggingImpl
Event: 0.630 Loading class java/lang/management/PlatformLoggingMXBean
Event: 0.630 Loading class java/lang/management/PlatformLoggingMXBean done
Event: 0.630 Loading class sun/management/ManagementFactoryHelper$PlatformLoggingImpl done
Event: 0.630 Loading class java/lang/SecurityException
Event: 0.630 Loading class java/lang/SecurityException done
Event: 0.630 Loading class java/io/IOException
Event: 0.631 Loading class java/io/IOException done
Event: 0.631 Loading class java/util/logging/LoggingMXBean
Event: 0.631 Loading class java/util/logging/LoggingMXBean done
Event: 0.633 Loading class java/util/logging/Logging
Event: 0.633 Loading class java/util/logging/Logging done
Event: 0.638 Loading class jdk/internal/logger/LoggerFinderLoader
Event: 0.639 Loading class jdk/internal/logger/LoggerFinderLoader done
Event: 0.639 Loading class sun/security/util/SecurityConstants

Classes unloaded (0 events):
No events

Classes redefined (0 events):
No events

Internal exceptions (7 events):
Event: 0.379 Thread 0x000002d66bc3a8b0 Exception <a 'java/lang/NoSuchMethodError'{0x0000000087ac7598}: 'java.lang.Object java.lang.invoke.Invokers$Holder.invokeExact_MT(java.lang.Object, java.lang.Object, java.lang.Object, java.lang.Object, java.lang.Object)'> (0x0000000087ac7598) 
thrown [s\open\src\hotspot\share\interpreter\linkResolver.cpp, line 796]
Event: 0.403 Thread 0x000002d645432300 Exception <a 'java/lang/NoSuchMethodError'{0x0000000087adf988}: 'void java.lang.invoke.DirectMethodHandle$Holder.invokeStatic(java.lang.Object, java.lang.Object)'> (0x0000000087adf988) 
thrown [s\open\src\hotspot\share\interpreter\linkResolver.cpp, line 796]
Event: 0.459 Thread 0x000002d66bc3a8b0 Exception <a 'java/lang/NoSuchMethodError'{0x0000000087932b28}: 'int java.lang.invoke.DirectMethodHandle$Holder.invokeInterface(java.lang.Object, java.lang.Object)'> (0x0000000087932b28) 
thrown [s\open\src\hotspot\share\interpreter\linkResolver.cpp, line 796]
Event: 0.460 Thread 0x000002d66bc3a8b0 Exception <a 'java/lang/IncompatibleClassChangeError'{0x0000000087935e68}: Found class java.lang.Object, but interface was expected> (0x0000000087935e68) 
thrown [s\open\src\hotspot\share\interpreter\linkResolver.cpp, line 863]
Event: 0.571 Thread 0x000002d66bc3a8b0 Exception <a 'java/lang/NoSuchMethodError'{0x0000000087f13868}: 'void java.lang.invoke.DirectMethodHandle$Holder.invokeSpecial(java.lang.Object, java.lang.Object, java.lang.Object)'> (0x0000000087f13868) 
thrown [s\open\src\hotspot\share\interpreter\linkResolver.cpp, line 796]
Event: 0.572 Thread 0x000002d66bc3a8b0 Exception <a 'java/lang/NoSuchMethodError'{0x0000000087f1d230}: 'void java.lang.invoke.DirectMethodHandle$Holder.invokeStatic(java.lang.Object, int, java.lang.Object)'> (0x0000000087f1d230) 
thrown [s\open\src\hotspot\share\interpreter\linkResolver.cpp, line 796]
Event: 0.604 Thread 0x000002d66bc3a8b0 Exception <a 'java/lang/NoSuchMethodError'{0x0000000087f92698}: 'int java.lang.invoke.DirectMethodHandle$Holder.invokeSpecial(java.lang.Object, java.lang.Object, java.lang.Object)'> (0x0000000087f92698) 
thrown [s\open\src\hotspot\share\interpreter\linkResolver.cpp, line 796]

VM Operations (8 events):
Event: 0.207 Executing VM operation: HandshakeAllThreads (Deoptimize)
Event: 0.207 Executing VM operation: HandshakeAllThreads (Deoptimize) done
Event: 0.391 Executing VM operation: HandshakeAllThreads (Deoptimize)
Event: 0.391 Executing VM operation: HandshakeAllThreads (Deoptimize) done
Event: 0.466 Executing VM operation: HandshakeAllThreads (Deoptimize)
Event: 0.466 Executing VM operation: HandshakeAllThreads (Deoptimize) done
Event: 0.560 Executing VM operation: G1CollectForAllocation (G1 Evacuation Pause)
Event: 0.566 Executing VM operation: G1CollectForAllocation (G1 Evacuation Pause) done

Memory protections (0 events):
No events

Nmethod flushes (0 events):
No events

Events (12 events):
Event: 0.066 Thread 0x000002d66bc3a8b0 Thread added: 0x000002d66bc3a8b0
Event: 0.088 Thread 0x000002d66bc3a8b0 Thread added: 0x000002d67dd009e0
Event: 0.088 Thread 0x000002d66bc3a8b0 Thread added: 0x000002d67dd02250
Event: 0.089 Thread 0x000002d66bc3a8b0 Thread added: 0x000002d67dd078e0
Event: 0.089 Thread 0x000002d66bc3a8b0 Thread added: 0x000002d67dd0b470
Event: 0.089 Thread 0x000002d66bc3a8b0 Thread added: 0x000002d67dd0c280
Event: 0.089 Thread 0x000002d66bc3a8b0 Thread added: 0x000002d67dd0caa0
Event: 0.089 Thread 0x000002d66bc3a8b0 Thread added: 0x000002d67dd0da60
Event: 0.196 Thread 0x000002d66bc3a8b0 Thread added: 0x000002d645099990
Event: 0.207 Thread 0x000002d67dd0da60 Thread added: 0x000002d6450a8890
Event: 0.387 Thread 0x000002d66bc3a8b0 Thread added: 0x000002d645432300
Event: 0.387 Thread 0x000002d66bc3a8b0 Thread added: 0x000002d645432970


Dynamic libraries:
0x00007ff6ba270000 - 0x00007ff6ba27e000 	C:\Users\imaan\.jdks\openjdk-23.0.1\bin\java.exe
0x00007fff97b70000 - 0x00007fff97d68000 	C:\Windows\SYSTEM32\ntdll.dll
0x00007fff97a60000 - 0x00007fff97b22000 	C:\Windows\System32\KERNEL32.DLL
0x00007fff95520000 - 0x00007fff9581f000 	C:\Windows\System32\KERNELBASE.dll
0x00007fff958b0000 - 0x00007fff959b0000 	C:\Windows\System32\ucrtbase.dll
0x00007fff80040000 - 0x00007fff80057000 	C:\Users\imaan\.jdks\openjdk-23.0.1\bin\jli.dll
0x00007fff7c320000 - 0x00007fff7c33b000 	C:\Users\imaan\.jdks\openjdk-23.0.1\bin\VCRUNTIME140.dll
0x00007fff962d0000 - 0x00007fff9646d000 	C:\Windows\System32\USER32.dll
0x00007fff95a20000 - 0x00007fff95a42000 	C:\Windows\System32\win32u.dll
0x00007fff744a0000 - 0x00007fff7473a000 	C:\Windows\WinSxS\amd64_microsoft.windows.common-controls_6595b64144ccf1df_6.0.19041.4355_none_60b8b9eb71f62e16\COMCTL32.dll
0x00007fff978e0000 - 0x00007fff9790b000 	C:\Windows\System32\GDI32.dll
0x00007fff95b80000 - 0x00007fff95c1e000 	C:\Windows\System32\msvcrt.dll
0x00007fff95360000 - 0x00007fff95477000 	C:\Windows\System32\gdi32full.dll
0x00007fff95480000 - 0x00007fff9551d000 	C:\Windows\System32\msvcp_win.dll
0x00007fff96070000 - 0x00007fff9609f000 	C:\Windows\System32\IMM32.DLL
0x00007fff908a0000 - 0x00007fff908ac000 	C:\Users\imaan\.jdks\openjdk-23.0.1\bin\vcruntime140_1.dll
0x00007fff7bad0000 - 0x00007fff7bb5e000 	C:\Users\imaan\.jdks\openjdk-23.0.1\bin\msvcp140.dll
0x00007fff5ee20000 - 0x00007fff5fb6f000 	C:\Users\imaan\.jdks\openjdk-23.0.1\bin\server\jvm.dll
0x00007fff979a0000 - 0x00007fff97a51000 	C:\Windows\System32\ADVAPI32.dll
0x00007fff966d0000 - 0x00007fff9676f000 	C:\Windows\System32\sechost.dll
0x00007fff964d0000 - 0x00007fff965f3000 	C:\Windows\System32\RPCRT4.dll
0x00007fff95a50000 - 0x00007fff95a77000 	C:\Windows\System32\bcrypt.dll
0x00007fff96660000 - 0x00007fff966cb000 	C:\Windows\System32\WS2_32.dll
0x00007fff95060000 - 0x00007fff950ab000 	C:\Windows\SYSTEM32\POWRPROF.dll
0x00007fff69b90000 - 0x00007fff69bb7000 	C:\Windows\SYSTEM32\WINMM.dll
0x00007fff8cc00000 - 0x00007fff8cc0a000 	C:\Windows\SYSTEM32\VERSION.dll
0x00007fff95040000 - 0x00007fff95052000 	C:\Windows\SYSTEM32\UMPDC.dll
0x00007fff930a0000 - 0x00007fff930b2000 	C:\Windows\SYSTEM32\kernel.appcore.dll
0x00007fff907d0000 - 0x00007fff907da000 	C:\Users\imaan\.jdks\openjdk-23.0.1\bin\jimage.dll
0x00007fff8acb0000 - 0x00007fff8ae94000 	C:\Windows\SYSTEM32\DBGHELP.DLL
0x00007fff8a8b0000 - 0x00007fff8a8e4000 	C:\Windows\SYSTEM32\dbgcore.DLL
0x00007fff95820000 - 0x00007fff958a2000 	C:\Windows\System32\bcryptPrimitives.dll
0x00007fff80060000 - 0x00007fff8006f000 	C:\Users\imaan\.jdks\openjdk-23.0.1\bin\instrument.dll
0x00007fff7c300000 - 0x00007fff7c31e000 	C:\Users\imaan\.jdks\openjdk-23.0.1\bin\java.dll
0x00007fff96ec0000 - 0x00007fff96feb000 	C:\Windows\System32\ole32.dll
0x00007fff95c20000 - 0x00007fff95f75000 	C:\Windows\System32\combase.dll
0x00007fff97050000 - 0x00007fff977be000 	C:\Windows\System32\SHELL32.dll
0x00007fff932a0000 - 0x00007fff93a44000 	C:\Windows\SYSTEM32\windows.storage.dll
0x00007fff94b60000 - 0x00007fff94b8f000 	C:\Windows\SYSTEM32\Wldp.dll
0x00007fff95f90000 - 0x00007fff9605d000 	C:\Windows\System32\OLEAUT32.dll
0x00007fff96c60000 - 0x00007fff96d0d000 	C:\Windows\System32\SHCORE.dll
0x00007fff96600000 - 0x00007fff96655000 	C:\Windows\System32\shlwapi.dll
0x00007fff95130000 - 0x00007fff95154000 	C:\Windows\SYSTEM32\profapi.dll
0x00007fff7c230000 - 0x00007fff7c247000 	C:\Users\imaan\.jdks\openjdk-23.0.1\bin\zip.dll
0x00007fff8fe70000 - 0x00007fff8fe80000 	C:\Users\imaan\.jdks\openjdk-23.0.1\bin\net.dll
0x00007fff948c0000 - 0x00007fff9492a000 	C:\Windows\system32\mswsock.dll
0x00007fff7c250000 - 0x00007fff7c266000 	C:\Users\imaan\.jdks\openjdk-23.0.1\bin\nio.dll
0x00007fff7f230000 - 0x00007fff7f24a000 	C:\Program Files\JetBrains\IntelliJ IDEA 2024.3.1.1\bin\breakgen64.dll
0x00007fff84920000 - 0x00007fff84929000 	C:\Users\imaan\.jdks\openjdk-23.0.1\bin\extnet.dll
0x00007fff945e0000 - 0x00007fff946aa000 	C:\Windows\SYSTEM32\DNSAPI.dll
0x00007fff945a0000 - 0x00007fff945db000 	C:\Windows\SYSTEM32\IPHLPAPI.DLL
0x00007fff96bf0000 - 0x00007fff96bf8000 	C:\Windows\System32\NSI.dll
0x00007fff8c740000 - 0x00007fff8c74a000 	C:\Windows\System32\rasadhlp.dll
0x00007fff8cf40000 - 0x00007fff8cfc0000 	C:\Windows\System32\fwpuclnt.dll
0x00007fff7f220000 - 0x00007fff7f22a000 	C:\Users\imaan\.jdks\openjdk-23.0.1\bin\management.dll
0x00007fff7deb0000 - 0x00007fff7debb000 	C:\Users\imaan\.jdks\openjdk-23.0.1\bin\management_ext.dll
0x00007fff96060000 - 0x00007fff96068000 	C:\Windows\System32\PSAPI.DLL

dbghelp: loaded successfully - version: 4.0.5 - missing functions: none
symbol engine: initialized successfully - sym options: 0x614 - pdb path: .;C:\Users\imaan\.jdks\openjdk-23.0.1\bin;C:\Windows\SYSTEM32;C:\Windows\WinSxS\amd64_microsoft.windows.common-controls_6595b64144ccf1df_6.0.19041.4355_none_60b8b9eb71f62e16;C:\Users\imaan\.jdks\openjdk-23.0.1\bin\server;C:\Program Files\JetBrains\IntelliJ IDEA 2024.3.1.1\bin

VM Arguments:
jvm_args: -XX:TieredStopAtLevel=1 -Dspring.output.ansi.enabled=always -Dcom.sun.management.jmxremote -Dspring.jmx.enabled=true -Dspring.liveBeansView.mbeanDomain -Dspring.application.admin.enabled=true -Dmanagement.endpoints.jmx.exposure.include=* -javaagent:C:\Program Files\JetBrains\IntelliJ IDEA 2024.3.1.1\lib\idea_rt.jar=61410:C:\Program Files\JetBrains\IntelliJ IDEA 2024.3.1.1\bin -Dfile.encoding=UTF-8 -Dsun.stdout.encoding=UTF-8 -Dsun.stderr.encoding=UTF-8 
java_command: com.training.fleet.FleetApplication
java_class_path (initial): C:\Users\imaan\Downloads\fleet\target\classes;C:\Users\imaan\.m2\repository\org\springframework\boot\spring-boot-starter-data-jpa\3.4.1\spring-boot-starter-data-jpa-3.4.1.jar;C:\Users\imaan\.m2\repository\org\springframework\boot\spring-boot-starter\3.4.1\spring-boot-starter-3.4.1.jar;C:\Users\imaan\.m2\repository\org\springframework\boot\spring-boot\3.4.1\spring-boot-3.4.1.jar;C:\Users\imaan\.m2\repository\org\springframework\boot\spring-boot-autoconfigure\3.4.1\spring-boot-autoconfigure-3.4.1.jar;C:\Users\imaan\.m2\repository\org\springframework\boot\spring-boot-starter-logging\3.4.1\spring-boot-starter-logging-3.4.1.jar;C:\Users\imaan\.m2\repository\ch\qos\logback\logback-classic\1.5.12\logback-classic-1.5.12.jar;C:\Users\imaan\.m2\repository\ch\qos\logback\logback-core\1.5.12\logback-core-1.5.12.jar;C:\Users\imaan\.m2\repository\org\apache\logging\log4j\log4j-to-slf4j\2.24.3\log4j-to-slf4j-2.24.3.jar;C:\Users\imaan\.m2\repository\org\apache\logging\log4j\log4j-api\2.24.3\log4j-api-2.24.3.jar;C:\Users\imaan\.m2\repository\org\slf4j\jul-to-slf4j\2.0.16\jul-to-slf4j-2.0.16.jar;C:\Users\imaan\.m2\repository\jakarta\annotation\jakarta.annotation-api\2.1.1\jakarta.annotation-api-2.1.1.jar;C:\Users\imaan\.m2\repository\org\yaml\snakeyaml\2.3\snakeyaml-2.3.jar;C:\Users\imaan\.m2\repository\org\springframework\boot\spring-boot-starter-jdbc\3.4.1\spring-boot-starter-jdbc-3.4.1.jar;C:\Users\imaan\.m2\repository\com\zaxxer\HikariCP\5.1.0\HikariCP-5.1.0.jar;C:\Users\imaan\.m2\repository\org\springframework\spring-jdbc\6.2.1\spring-jdbc-6.2.1.jar;C:\Users\imaan\.m2\repository\org\hibernate\orm\hibernate-core\6.6.4.Final\hibernate-core-6.6.4.Final.jar;C:\Users\imaan\.m2\repository\jakarta\persistence\jakarta.persistence-api\3.1.0\jakarta.persistence-api-3.1.0.jar;C:\Users\imaan\.m2\repository\jakarta\transaction\jakarta.transaction-api\2.0.1\jakarta.transaction-api-2.0.1.jar;C:\Users\imaan\.m2\repository\org\jboss\logging\jboss-logging\3.6.1.Final\jboss-logging-3.6.1.Final.jar;C:\Users\imaan\.m2\repository\org\hibernate\common\hibernate-commons-annotations\7.0.3.Final\hibernate-commons-annotations-7.0.3.Final.jar;C:\Users\imaan\.m2\repository\io\smallrye\jandex\3.2.0\jandex-3.2.0.jar;C:\Users\imaan\.m2\repository\com\fasterxml\classmate\1.7.0\classmate-1.7.0.jar;C:\Users\imaan\.m2\repository\net\bytebuddy\byte-buddy\1.15.11\byte-buddy-1.15.11.jar;C:\Users\imaan\.m2\repository\org\glassfish\jaxb\jaxb-runtime\4.0.5\jaxb-runtime-4.0.5.jar;C:\Users\imaan\.m2\repository\org\glassfish\jaxb\jaxb-core\4.0.5\jaxb-core-4.0.5.jar;C:\Users\imaan\.m2\repository\org\eclipse\angus\angus-activation\2.0.2\angus-activation-2.0.2.jar;C:\Users\imaan\.m2\repository\org\glassfish\jaxb\txw2\4.0.5\txw2-4.0.5.jar;C:\Users\imaan\.m2\repository\com\sun\istack\istack-commons-runtime\4.1.2\istack-commons-runtime-4.1.2.jar;C:\Users\imaan\.m2\repository\jakarta\inject\jakarta.inject-api\2.0.1\jakarta.inject-api-2.0.1.jar;C:\Users\imaan\.m2\repository\org\antlr\antlr4-runtime\4.13.0\antlr4-runtime-4.13.0.jar;C:\Users\imaan\.m2\repository\org\springframework\data\spring-data-jpa\3.4.1\spring-data-jpa-3.4.1.jar;C:\Users\imaan\.m2\repository\org\springframework\data\spring-data-commons\3.4.1\spring-data-commons-3.4.1.jar;C:\Users\imaan\.m2\repository\org\springframework\spring-orm\6.2.1\spring-orm-6.2.1.jar;C:\Users\imaan\.m2\repository\org\springframework\spring-context\6.2.1\spring-context-6.2.1.jar;C:\Users\imaan\.m2\repository\org\springframework\spring-aop\6.2.1\spring-aop-6.2.1.jar;C:\Users\imaan\.m2\repository\org\springframework\spring-tx\6.2.1\spring-tx-6.2.1.jar;C:\Users\imaan\.m2\repository\org\springframework\spring-beans\6.2.1\spring-beans-6.2.1.jar;C:\Users\imaan\.m2\repository\org\slf4j\slf4j-api\2.0.16\slf4j-api-2.0.16.jar;C:\Users\imaan\.m2\repository\org\springframework\spring-aspects\6.2.1\spring-aspects-6.2.1.jar;C:\Users\imaan\.m2\repository\org\aspectj\aspectjweaver\1.9.22.1\aspectjweaver-1.9.22.1.jar;C:\Users\imaan\.m2\repository\org\springframework\boot\spring-boot-starter-web\3.4.1\spring-boot-starter-web-3.4.1.jar;C:\Users\imaan\.m2\repository\org\springframework\boot\spring-boot-starter-json\3.4.1\spring-boot-starter-json-3.4.1.jar;C:\Users\imaan\.m2\repository\com\fasterxml\jackson\core\jackson-databind\2.18.2\jackson-databind-2.18.2.jar;C:\Users\imaan\.m2\repository\com\fasterxml\jackson\core\jackson-annotations\2.18.2\jackson-annotations-2.18.2.jar;C:\Users\imaan\.m2\repository\com\fasterxml\jackson\core\jackson-core\2.18.2\jackson-core-2.18.2.jar;C:\Users\imaan\.m2\repository\com\fasterxml\jackson\datatype\jackson-datatype-jdk8\2.18.2\jackson-datatype-jdk8-2.18.2.jar;C:\Users\imaan\.m2\repository\com\fasterxml\jackson\datatype\jackson-datatype-jsr310\2.18.2\jackson-datatype-jsr310-2.18.2.jar;C:\Users\imaan\.m2\repository\com\fasterxml\jackson\module\jackson-module-parameter-names\2.18.2\jackson-module-parameter-names-2.18.2.jar;C:\Users\imaan\.m2\repository\org\springframework\boot\spring-boot-starter-tomcat\3.4.1\spring-boot-starter-tomcat-3.4.1.jar;C:\Users\imaan\.m2\repository\org\apache\tomcat\embed\tomcat-embed-core\10.1.34\tomcat-embed-core-10.1.34.jar;C:\Users\imaan\.m2\repository\org\apache\tomcat\embed\tomcat-embed-el\10.1.34\tomcat-embed-el-10.1.34.jar;C:\Users\imaan\.m2\repository\org\apache\tomcat\embed\tomcat-embed-websocket\10.1.34\tomcat-embed-websocket-10.1.34.jar;C:\Users\imaan\.m2\repository\org\springframework\spring-web\6.2.1\spring-web-6.2.1.jar;C:\Users\imaan\.m2\repository\io\micrometer\micrometer-observation\1.14.2\micrometer-observation-1.14.2.jar;C:\Users\imaan\.m2\repository\io\micrometer\micrometer-commons\1.14.2\micrometer-commons-1.14.2.jar;C:\Users\imaan\.m2\repository\org\springframework\spring-webmvc\6.2.1\spring-webmvc-6.2.1.jar;C:\Users\imaan\.m2\repository\org\springframework\spring-expression\6.2.1\spring-expression-6.2.1.jar;C:\Users\imaan\.m2\repository\jakarta\xml\bind\jakarta.xml.bind-api\4.0.2\jakarta.xml.bind-api-4.0.2.jar;C:\Users\imaan\.m2\repository\jakarta\activation\jakarta.activation-api\2.1.3\jakarta.activation-api-2.1.3.jar;C:\Users\imaan\.m2\repository\org\springframework\spring-core\6.2.1\spring-core-6.2.1.jar;C:\Users\imaan\.m2\repository\org\springframework\spring-jcl\6.2.1\spring-jcl-6.2.1.jar;C:\Users\imaan\.m2\repository\org\projectlombok\lombok\1.18.36\lombok-1.18.36.jar;C:\Users\imaan\.m2\repository\com\mysql\mysql-connector-j\8.0.33\mysql-connector-j-8.0.33.jar
Launcher Type: SUN_STANDARD

[Global flags]
     intx CICompilerCount                          = 2                                         {product} {ergonomic}
     uint ConcGCThreads                            = 1                                         {product} {ergonomic}
     uint G1ConcRefinementThreads                  = 2                                         {product} {ergonomic}
   size_t G1HeapRegionSize                         = 1048576                                   {product} {ergonomic}
   size_t InitialHeapSize                          = 134217728                                 {product} {ergonomic}
     bool ManagementServer                         = true                                      {product} {command line}
   size_t MarkStackSize                            = 4194304                                   {product} {ergonomic}
   size_t MarkStackSizeMax                         = 536870912                                 {product} {ergonomic}
   size_t MaxHeapSize                              = 2147483648                                {product} {ergonomic}
   size_t MaxNewSize                               = 1287651328                                {product} {ergonomic}
   size_t MinHeapDeltaBytes                        = 1048576                                   {product} {ergonomic}
   size_t MinHeapSize                              = 8388608                                   {product} {ergonomic}
    uintx NonNMethodCodeHeapSize                   = 4096                                   {pd product} {ergonomic}
    uintx NonProfiledCodeHeapSize                  = 0                                      {pd product} {ergonomic}
     bool ProfileInterpreter                       = false                                  {pd product} {command line}
    uintx ProfiledCodeHeapSize                     = 0                                      {pd product} {ergonomic}
   size_t SoftMaxHeapSize                          = 2147483648                             {manageable} {ergonomic}
     intx TieredStopAtLevel                        = 1                                         {product} {command line}
     bool UseCompressedOops                        = true                           {product lp64_product} {ergonomic}
     bool UseG1GC                                  = true                                      {product} {ergonomic}
     bool UseLargePagesIndividualAllocation        = false                                  {pd product} {ergonomic}

Logging:
Log output configuration:
 #0: stdout all=warning uptime,level,tags foldmultilines=false
 #1: stderr all=off uptime,level,tags foldmultilines=false

Environment Variables:
PATH=C:\Python313\Scripts\;C:\Python313\;C:\Windows\system32;C:\Windows;C:\Windows\System32\Wbem;C:\Windows\System32\WindowsPowerShell\v1.0\;C:\Windows\System32\OpenSSH\;C:\Program Files\nodejs\;C:\ProgramData\chocolatey\bin;C:\Program Files\MySQL\MySQL Shell 8.0\bin\;C:\Users\imaan\AppData\Local\Microsoft\WindowsApps;;C:\Program Files\JetBrains\IntelliJ IDEA 2024.3.1.1\bin;;C:\Users\imaan\AppData\Roaming\npm;C:\Users\imaan\AppData\Local\Programs\Microsoft VS Code\bin
USERNAME=imaan
OS=Windows_NT
PROCESSOR_IDENTIFIER=Intel64 Family 6 Model 85 Stepping 7, GenuineIntel
TMP=C:\Users\imaan\AppData\Local\Temp
TEMP=C:\Users\imaan\AppData\Local\Temp




Periodic native trim disabled

---------------  S Y S T E M  ---------------

OS:
 Windows 10 , 64 bit Build 19041 (10.0.19041.5198)
OS uptime: 1 days 0:37 hours
Hyper-V virtualization detected

CPU: total 2 (initial active 2) (1 cores per cpu, 2 threads per core) family 6 model 85 stepping 7 microcode 0xffffffff, cx8, cmov, fxsr, ht, mmx, 3dnowpref, sse, sse2, sse3, ssse3, sse4.1, sse4.2, popcnt, lzcnt, tsc, avx, avx2, aes, erms, clmul, bmi1, bmi2, rtm, adx, avx512f, avx512dq, avx512cd, avx512bw, avx512vl, fma, vzeroupper, clflush, clflushopt, hv, rdtscp, f16c
Processor Information for the first 2 processors :
  Max Mhz: 2594, Current Mhz: 2594, Mhz Limit: 2594

Memory: 4k page, system-wide physical 8191M (685M free)
TotalPageFile size 10239M (AvailPageFile size 5M)
current process WorkingSet (physical memory assigned to process): 55M, peak: 55M
current process commit charge ("private bytes"): 199M, peak: 199M

vm_info: OpenJDK 64-Bit Server VM (23.0.1+11-39) for windows-amd64 JRE (23.0.1+11-39), built on 2024-09-30T07:20:43Z with MS VC++ 17.6 (VS2022)

END.
